{"log":
 [{"message":
   ".> LEAN_PATH=/Users/ritinkardasbhaumik/social-choice-theory/.lake/packages/Cli/.lake/build/lib/lean:/Users/ritinkardasbhaumik/social-choice-theory/.lake/packages/batteries/.lake/build/lib/lean:/Users/ritinkardasbhaumik/social-choice-theory/.lake/packages/Qq/.lake/build/lib/lean:/Users/ritinkardasbhaumik/social-choice-theory/.lake/packages/aesop/.lake/build/lib/lean:/Users/ritinkardasbhaumik/social-choice-theory/.lake/packages/proofwidgets/.lake/build/lib/lean:/Users/ritinkardasbhaumik/social-choice-theory/.lake/packages/importGraph/.lake/build/lib/lean:/Users/ritinkardasbhaumik/social-choice-theory/.lake/packages/LeanSearchClient/.lake/build/lib/lean:/Users/ritinkardasbhaumik/social-choice-theory/.lake/packages/plausible/.lake/build/lib/lean:/Users/ritinkardasbhaumik/social-choice-theory/.lake/packages/mathlib/.lake/build/lib/lean:/Users/ritinkardasbhaumik/social-choice-theory/.lake/packages/Canonical/.lake/build/lib/lean:/Users/ritinkardasbhaumik/social-choice-theory/.lake/build/lib/lean /Users/ritinkardasbhaumik/.elan/toolchains/leanprover--lean4---v4.20.0-rc5/bin/lean /Users/ritinkardasbhaumik/social-choice-theory/SocialChoiceTheory/Basic.lean -R /Users/ritinkardasbhaumik/social-choice-theory -o /Users/ritinkardasbhaumik/social-choice-theory/.lake/build/lib/lean/SocialChoiceTheory/Basic.olean -i /Users/ritinkardasbhaumik/social-choice-theory/.lake/build/lib/lean/SocialChoiceTheory/Basic.ilean -c /Users/ritinkardasbhaumik/social-choice-theory/.lake/build/ir/SocialChoiceTheory/Basic.c --json",
   "level": "trace"},
  {"message":
   "/Users/ritinkardasbhaumik/social-choice-theory/SocialChoiceTheory/Basic.lean:66:4: try 'simp' instead of 'simpa'\nnote: this linter can be disabled with `set_option linter.unnecessarySimpa false`",
   "level": "warning"},
  {"message":
   "/Users/ritinkardasbhaumik/social-choice-theory/SocialChoiceTheory/Basic.lean:55:0: automatically included section variable(s) unused in theorem 'SocialChoiceTheory.Finset.existsDistinctMemOfNeSingleton':\n  [DecidableEq α]\nconsider restructuring your `variable` declarations so that the variables are not in scope or explicitly omit them:\n  omit [DecidableEq α] in theorem ...\nnote: this linter can be disabled with `set_option linter.unusedSectionVars false`",
   "level": "warning"},
  {"message":
   "/Users/ritinkardasbhaumik/social-choice-theory/SocialChoiceTheory/Basic.lean:128:0: automatically included section variable(s) unused in theorem 'SocialChoiceTheory.Finset.nonemptyOfMem':\n  [DecidableEq α]\nconsider restructuring your `variable` declarations so that the variables are not in scope or explicitly omit them:\n  omit [DecidableEq α] in theorem ...\nnote: this linter can be disabled with `set_option linter.unusedSectionVars false`",
   "level": "warning"},
  {"message":
   "/Users/ritinkardasbhaumik/social-choice-theory/SocialChoiceTheory/Basic.lean:142:0: automatically included section variable(s) unused in theorem 'SocialChoiceTheory.Relation.forallExistsTransGen':\n  [DecidableEq α]\nconsider restructuring your `variable` declarations so that the variables are not in scope or explicitly omit them:\n  omit [DecidableEq α] in theorem ...\nnote: this linter can be disabled with `set_option linter.unusedSectionVars false`",
   "level": "warning"},
  {"message":
   "/Users/ritinkardasbhaumik/social-choice-theory/SocialChoiceTheory/Basic.lean:600:15: try 'simp' instead of 'simpa'\nnote: this linter can be disabled with `set_option linter.unnecessarySimpa false`",
   "level": "warning"},
  {"message":
   "/Users/ritinkardasbhaumik/social-choice-theory/SocialChoiceTheory/Basic.lean:629:17: try 'simp' instead of 'simpa'\nnote: this linter can be disabled with `set_option linter.unnecessarySimpa false`",
   "level": "warning"},
  {"message":
   "/Users/ritinkardasbhaumik/social-choice-theory/SocialChoiceTheory/Basic.lean:641:8: try 'simp' instead of 'simpa'\nnote: this linter can be disabled with `set_option linter.unnecessarySimpa false`",
   "level": "warning"}],
 "inputs":
 [["SocialChoiceTheory.Basic:deps",
   [["deps",
     [["«social-choice-theory»/SocialChoiceTheory:extraDep",
       [["@«social-choice-theory»:extraDep", "1723"]]],
      ["import oleans",
       [["Mathlib.Data.Finset.Basic:olean",
         [["Mathlib.Data.Finset.Basic:deps", "5345906460098684893"],
          ["/Users/ritinkardasbhaumik/social-choice-theory/.lake/packages/mathlib/.lake/build/lib/lean/Mathlib/Data/Finset/Basic.olean",
           "3484016250853065668"]]],
        ["Mathlib.Data.Finset.Card:olean",
         [["Mathlib.Data.Finset.Card:deps", "8150963157389587637"],
          ["/Users/ritinkardasbhaumik/social-choice-theory/.lake/packages/mathlib/.lake/build/lib/lean/Mathlib/Data/Finset/Card.olean",
           "1159802935534099838"]]],
        ["Mathlib.Order.Basic:olean",
         [["Mathlib.Order.Basic:deps", "6498488746481594737"],
          ["/Users/ritinkardasbhaumik/social-choice-theory/.lake/packages/mathlib/.lake/build/lib/lean/Mathlib/Order/Basic.olean",
           "14434324262980535942"]]],
        ["Mathlib.Logic.Relation:olean",
         [["Mathlib.Logic.Relation:deps", "9638266750614971006"],
          ["/Users/ritinkardasbhaumik/social-choice-theory/.lake/packages/mathlib/.lake/build/lib/lean/Mathlib/Logic/Relation.olean",
           "6319600464355641639"]]],
        ["Mathlib.Tactic:olean",
         [["Mathlib.Tactic:deps", "9311180806179516404"],
          ["/Users/ritinkardasbhaumik/social-choice-theory/.lake/packages/mathlib/.lake/build/lib/lean/Mathlib/Tactic.olean",
           "13548299659568334602"]]]]]]],
    ["libs",
     [["import dynlibs", "1723"],
      ["package external libraries", "1723"],
      ["module dynlibs", "1723"],
      ["module plugins", "1723"]]]]],
  ["Lean 4.20.0, commit 81b85203c90439fb7d7e0cec32130d62d8cb7a2e",
   "11339845437623234285"],
  ["Module.leanArgs: #[]", "1723"],
  ["/Users/ritinkardasbhaumik/social-choice-theory/SocialChoiceTheory/Basic.lean",
   "11532930751560091567"]],
 "depHash": "5472620984588282382"}